<?xml version="1.0" encoding="UTF-8"?>
<testsuite xmlns:xsi="http://www.w3.org/2001/XMLSchema-instance" xsi:noNamespaceSchemaLocation="https://maven.apache.org/surefire/maven-surefire-plugin/xsd/surefire-test-report.xsd" name="com.microservices.dockerspringboot.DockerSpringBootApplicationTests" time="0.048" tests="1" errors="1" skipped="0" failures="0">
  <properties>
    <property name="sun.desktop" value="gnome"/>
    <property name="awt.toolkit" value="sun.awt.X11.XToolkit"/>
    <property name="file.encoding.pkg" value="sun.io"/>
    <property name="java.specification.version" value="1.8"/>
    <property name="sun.cpu.isalist" value=""/>
    <property name="sun.jnu.encoding" value="UTF-8"/>
    <property name="java.class.path" value="/home/penguin/IdeaProjects/docker-spring-boot/target/test-classes:/home/penguin/IdeaProjects/docker-spring-boot/target/classes:/home/penguin/.m2/repository/org/springframework/boot/spring-boot-starter-web/1.5.21.RELEASE/spring-boot-starter-web-1.5.21.RELEASE.jar:/home/penguin/.m2/repository/org/springframework/boot/spring-boot-starter/1.5.21.RELEASE/spring-boot-starter-1.5.21.RELEASE.jar:/home/penguin/.m2/repository/org/springframework/boot/spring-boot-starter-logging/1.5.21.RELEASE/spring-boot-starter-logging-1.5.21.RELEASE.jar:/home/penguin/.m2/repository/ch/qos/logback/logback-classic/1.1.11/logback-classic-1.1.11.jar:/home/penguin/.m2/repository/ch/qos/logback/logback-core/1.1.11/logback-core-1.1.11.jar:/home/penguin/.m2/repository/org/slf4j/jcl-over-slf4j/1.7.26/jcl-over-slf4j-1.7.26.jar:/home/penguin/.m2/repository/org/slf4j/jul-to-slf4j/1.7.26/jul-to-slf4j-1.7.26.jar:/home/penguin/.m2/repository/org/slf4j/log4j-over-slf4j/1.7.26/log4j-over-slf4j-1.7.26.jar:/home/penguin/.m2/repository/org/yaml/snakeyaml/1.17/snakeyaml-1.17.jar:/home/penguin/.m2/repository/org/springframework/boot/spring-boot-starter-tomcat/1.5.21.RELEASE/spring-boot-starter-tomcat-1.5.21.RELEASE.jar:/home/penguin/.m2/repository/org/apache/tomcat/embed/tomcat-embed-core/8.5.40/tomcat-embed-core-8.5.40.jar:/home/penguin/.m2/repository/org/apache/tomcat/tomcat-annotations-api/8.5.40/tomcat-annotations-api-8.5.40.jar:/home/penguin/.m2/repository/org/apache/tomcat/embed/tomcat-embed-el/8.5.40/tomcat-embed-el-8.5.40.jar:/home/penguin/.m2/repository/org/apache/tomcat/embed/tomcat-embed-websocket/8.5.40/tomcat-embed-websocket-8.5.40.jar:/home/penguin/.m2/repository/org/hibernate/hibernate-validator/5.3.6.Final/hibernate-validator-5.3.6.Final.jar:/home/penguin/.m2/repository/javax/validation/validation-api/1.1.0.Final/validation-api-1.1.0.Final.jar:/home/penguin/.m2/repository/org/jboss/logging/jboss-logging/3.3.2.Final/jboss-logging-3.3.2.Final.jar:/home/penguin/.m2/repository/com/fasterxml/classmate/1.3.4/classmate-1.3.4.jar:/home/penguin/.m2/repository/com/fasterxml/jackson/core/jackson-databind/2.8.11.3/jackson-databind-2.8.11.3.jar:/home/penguin/.m2/repository/com/fasterxml/jackson/core/jackson-annotations/2.8.0/jackson-annotations-2.8.0.jar:/home/penguin/.m2/repository/com/fasterxml/jackson/core/jackson-core/2.8.11/jackson-core-2.8.11.jar:/home/penguin/.m2/repository/org/springframework/spring-web/4.3.24.RELEASE/spring-web-4.3.24.RELEASE.jar:/home/penguin/.m2/repository/org/springframework/spring-aop/4.3.24.RELEASE/spring-aop-4.3.24.RELEASE.jar:/home/penguin/.m2/repository/org/springframework/spring-beans/4.3.24.RELEASE/spring-beans-4.3.24.RELEASE.jar:/home/penguin/.m2/repository/org/springframework/spring-context/4.3.24.RELEASE/spring-context-4.3.24.RELEASE.jar:/home/penguin/.m2/repository/org/springframework/spring-webmvc/4.3.24.RELEASE/spring-webmvc-4.3.24.RELEASE.jar:/home/penguin/.m2/repository/org/springframework/spring-expression/4.3.24.RELEASE/spring-expression-4.3.24.RELEASE.jar:/home/penguin/.m2/repository/org/springframework/boot/spring-boot-devtools/1.5.21.RELEASE/spring-boot-devtools-1.5.21.RELEASE.jar:/home/penguin/.m2/repository/org/springframework/boot/spring-boot/1.5.21.RELEASE/spring-boot-1.5.21.RELEASE.jar:/home/penguin/.m2/repository/org/springframework/boot/spring-boot-autoconfigure/1.5.21.RELEASE/spring-boot-autoconfigure-1.5.21.RELEASE.jar:/home/penguin/.m2/repository/org/springframework/boot/spring-boot-starter-test/1.5.21.RELEASE/spring-boot-starter-test-1.5.21.RELEASE.jar:/home/penguin/.m2/repository/org/springframework/boot/spring-boot-test/1.5.21.RELEASE/spring-boot-test-1.5.21.RELEASE.jar:/home/penguin/.m2/repository/org/springframework/boot/spring-boot-test-autoconfigure/1.5.21.RELEASE/spring-boot-test-autoconfigure-1.5.21.RELEASE.jar:/home/penguin/.m2/repository/com/jayway/jsonpath/json-path/2.2.0/json-path-2.2.0.jar:/home/penguin/.m2/repository/net/minidev/json-smart/2.2.1/json-smart-2.2.1.jar:/home/penguin/.m2/repository/net/minidev/accessors-smart/1.1/accessors-smart-1.1.jar:/home/penguin/.m2/repository/org/ow2/asm/asm/5.0.3/asm-5.0.3.jar:/home/penguin/.m2/repository/org/slf4j/slf4j-api/1.7.26/slf4j-api-1.7.26.jar:/home/penguin/.m2/repository/junit/junit/4.12/junit-4.12.jar:/home/penguin/.m2/repository/org/assertj/assertj-core/2.6.0/assertj-core-2.6.0.jar:/home/penguin/.m2/repository/org/mockito/mockito-core/1.10.19/mockito-core-1.10.19.jar:/home/penguin/.m2/repository/org/objenesis/objenesis/2.1/objenesis-2.1.jar:/home/penguin/.m2/repository/org/hamcrest/hamcrest-core/1.3/hamcrest-core-1.3.jar:/home/penguin/.m2/repository/org/hamcrest/hamcrest-library/1.3/hamcrest-library-1.3.jar:/home/penguin/.m2/repository/org/skyscreamer/jsonassert/1.4.0/jsonassert-1.4.0.jar:/home/penguin/.m2/repository/com/vaadin/external/google/android-json/0.0.20131108.vaadin1/android-json-0.0.20131108.vaadin1.jar:/home/penguin/.m2/repository/org/springframework/spring-core/4.3.24.RELEASE/spring-core-4.3.24.RELEASE.jar:/home/penguin/.m2/repository/org/springframework/spring-test/4.3.24.RELEASE/spring-test-4.3.24.RELEASE.jar:"/>
    <property name="java.vm.vendor" value="Oracle Corporation"/>
    <property name="sun.arch.data.model" value="64"/>
    <property name="java.vendor.url" value="http://java.oracle.com/"/>
    <property name="user.timezone" value=""/>
    <property name="java.vm.specification.version" value="1.8"/>
    <property name="os.name" value="Linux"/>
    <property name="user.country" value="US"/>
    <property name="sun.java.launcher" value="SUN_STANDARD"/>
    <property name="sun.boot.library.path" value="/usr/lib/jvm/java-1.8.0-openjdk-1.8.0.201.b09-2.el7_6.x86_64/jre/lib/amd64"/>
    <property name="sun.java.command" value="/home/penguin/IdeaProjects/docker-spring-boot/target/surefire/surefirebooter8305654539739046098.jar /home/penguin/IdeaProjects/docker-spring-boot/target/surefire 2019-06-18T19-13-02_946-jvmRun1 surefire5378154779920805074tmp surefire_06569691226632087627tmp"/>
    <property name="surefire.test.class.path" value="/home/penguin/IdeaProjects/docker-spring-boot/target/test-classes:/home/penguin/IdeaProjects/docker-spring-boot/target/classes:/home/penguin/.m2/repository/org/springframework/boot/spring-boot-starter-web/1.5.21.RELEASE/spring-boot-starter-web-1.5.21.RELEASE.jar:/home/penguin/.m2/repository/org/springframework/boot/spring-boot-starter/1.5.21.RELEASE/spring-boot-starter-1.5.21.RELEASE.jar:/home/penguin/.m2/repository/org/springframework/boot/spring-boot-starter-logging/1.5.21.RELEASE/spring-boot-starter-logging-1.5.21.RELEASE.jar:/home/penguin/.m2/repository/ch/qos/logback/logback-classic/1.1.11/logback-classic-1.1.11.jar:/home/penguin/.m2/repository/ch/qos/logback/logback-core/1.1.11/logback-core-1.1.11.jar:/home/penguin/.m2/repository/org/slf4j/jcl-over-slf4j/1.7.26/jcl-over-slf4j-1.7.26.jar:/home/penguin/.m2/repository/org/slf4j/jul-to-slf4j/1.7.26/jul-to-slf4j-1.7.26.jar:/home/penguin/.m2/repository/org/slf4j/log4j-over-slf4j/1.7.26/log4j-over-slf4j-1.7.26.jar:/home/penguin/.m2/repository/org/yaml/snakeyaml/1.17/snakeyaml-1.17.jar:/home/penguin/.m2/repository/org/springframework/boot/spring-boot-starter-tomcat/1.5.21.RELEASE/spring-boot-starter-tomcat-1.5.21.RELEASE.jar:/home/penguin/.m2/repository/org/apache/tomcat/embed/tomcat-embed-core/8.5.40/tomcat-embed-core-8.5.40.jar:/home/penguin/.m2/repository/org/apache/tomcat/tomcat-annotations-api/8.5.40/tomcat-annotations-api-8.5.40.jar:/home/penguin/.m2/repository/org/apache/tomcat/embed/tomcat-embed-el/8.5.40/tomcat-embed-el-8.5.40.jar:/home/penguin/.m2/repository/org/apache/tomcat/embed/tomcat-embed-websocket/8.5.40/tomcat-embed-websocket-8.5.40.jar:/home/penguin/.m2/repository/org/hibernate/hibernate-validator/5.3.6.Final/hibernate-validator-5.3.6.Final.jar:/home/penguin/.m2/repository/javax/validation/validation-api/1.1.0.Final/validation-api-1.1.0.Final.jar:/home/penguin/.m2/repository/org/jboss/logging/jboss-logging/3.3.2.Final/jboss-logging-3.3.2.Final.jar:/home/penguin/.m2/repository/com/fasterxml/classmate/1.3.4/classmate-1.3.4.jar:/home/penguin/.m2/repository/com/fasterxml/jackson/core/jackson-databind/2.8.11.3/jackson-databind-2.8.11.3.jar:/home/penguin/.m2/repository/com/fasterxml/jackson/core/jackson-annotations/2.8.0/jackson-annotations-2.8.0.jar:/home/penguin/.m2/repository/com/fasterxml/jackson/core/jackson-core/2.8.11/jackson-core-2.8.11.jar:/home/penguin/.m2/repository/org/springframework/spring-web/4.3.24.RELEASE/spring-web-4.3.24.RELEASE.jar:/home/penguin/.m2/repository/org/springframework/spring-aop/4.3.24.RELEASE/spring-aop-4.3.24.RELEASE.jar:/home/penguin/.m2/repository/org/springframework/spring-beans/4.3.24.RELEASE/spring-beans-4.3.24.RELEASE.jar:/home/penguin/.m2/repository/org/springframework/spring-context/4.3.24.RELEASE/spring-context-4.3.24.RELEASE.jar:/home/penguin/.m2/repository/org/springframework/spring-webmvc/4.3.24.RELEASE/spring-webmvc-4.3.24.RELEASE.jar:/home/penguin/.m2/repository/org/springframework/spring-expression/4.3.24.RELEASE/spring-expression-4.3.24.RELEASE.jar:/home/penguin/.m2/repository/org/springframework/boot/spring-boot-devtools/1.5.21.RELEASE/spring-boot-devtools-1.5.21.RELEASE.jar:/home/penguin/.m2/repository/org/springframework/boot/spring-boot/1.5.21.RELEASE/spring-boot-1.5.21.RELEASE.jar:/home/penguin/.m2/repository/org/springframework/boot/spring-boot-autoconfigure/1.5.21.RELEASE/spring-boot-autoconfigure-1.5.21.RELEASE.jar:/home/penguin/.m2/repository/org/springframework/boot/spring-boot-starter-test/1.5.21.RELEASE/spring-boot-starter-test-1.5.21.RELEASE.jar:/home/penguin/.m2/repository/org/springframework/boot/spring-boot-test/1.5.21.RELEASE/spring-boot-test-1.5.21.RELEASE.jar:/home/penguin/.m2/repository/org/springframework/boot/spring-boot-test-autoconfigure/1.5.21.RELEASE/spring-boot-test-autoconfigure-1.5.21.RELEASE.jar:/home/penguin/.m2/repository/com/jayway/jsonpath/json-path/2.2.0/json-path-2.2.0.jar:/home/penguin/.m2/repository/net/minidev/json-smart/2.2.1/json-smart-2.2.1.jar:/home/penguin/.m2/repository/net/minidev/accessors-smart/1.1/accessors-smart-1.1.jar:/home/penguin/.m2/repository/org/ow2/asm/asm/5.0.3/asm-5.0.3.jar:/home/penguin/.m2/repository/org/slf4j/slf4j-api/1.7.26/slf4j-api-1.7.26.jar:/home/penguin/.m2/repository/junit/junit/4.12/junit-4.12.jar:/home/penguin/.m2/repository/org/assertj/assertj-core/2.6.0/assertj-core-2.6.0.jar:/home/penguin/.m2/repository/org/mockito/mockito-core/1.10.19/mockito-core-1.10.19.jar:/home/penguin/.m2/repository/org/objenesis/objenesis/2.1/objenesis-2.1.jar:/home/penguin/.m2/repository/org/hamcrest/hamcrest-core/1.3/hamcrest-core-1.3.jar:/home/penguin/.m2/repository/org/hamcrest/hamcrest-library/1.3/hamcrest-library-1.3.jar:/home/penguin/.m2/repository/org/skyscreamer/jsonassert/1.4.0/jsonassert-1.4.0.jar:/home/penguin/.m2/repository/com/vaadin/external/google/android-json/0.0.20131108.vaadin1/android-json-0.0.20131108.vaadin1.jar:/home/penguin/.m2/repository/org/springframework/spring-core/4.3.24.RELEASE/spring-core-4.3.24.RELEASE.jar:/home/penguin/.m2/repository/org/springframework/spring-test/4.3.24.RELEASE/spring-test-4.3.24.RELEASE.jar:"/>
    <property name="sun.cpu.endian" value="little"/>
    <property name="user.home" value="/home/penguin"/>
    <property name="user.language" value="en"/>
    <property name="java.specification.vendor" value="Oracle Corporation"/>
    <property name="java.home" value="/usr/lib/jvm/java-1.8.0-openjdk-1.8.0.201.b09-2.el7_6.x86_64/jre"/>
    <property name="basedir" value="/home/penguin/IdeaProjects/docker-spring-boot"/>
    <property name="file.separator" value="/"/>
    <property name="line.separator" value="&#10;"/>
    <property name="java.vm.specification.vendor" value="Oracle Corporation"/>
    <property name="java.specification.name" value="Java Platform API Specification"/>
    <property name="java.awt.graphicsenv" value="sun.awt.X11GraphicsEnvironment"/>
    <property name="surefire.real.class.path" value="/home/penguin/IdeaProjects/docker-spring-boot/target/surefire/surefirebooter8305654539739046098.jar"/>
    <property name="sun.boot.class.path" value="/usr/lib/jvm/java-1.8.0-openjdk-1.8.0.201.b09-2.el7_6.x86_64/jre/lib/resources.jar:/usr/lib/jvm/java-1.8.0-openjdk-1.8.0.201.b09-2.el7_6.x86_64/jre/lib/rt.jar:/usr/lib/jvm/java-1.8.0-openjdk-1.8.0.201.b09-2.el7_6.x86_64/jre/lib/sunrsasign.jar:/usr/lib/jvm/java-1.8.0-openjdk-1.8.0.201.b09-2.el7_6.x86_64/jre/lib/jsse.jar:/usr/lib/jvm/java-1.8.0-openjdk-1.8.0.201.b09-2.el7_6.x86_64/jre/lib/jce.jar:/usr/lib/jvm/java-1.8.0-openjdk-1.8.0.201.b09-2.el7_6.x86_64/jre/lib/charsets.jar:/usr/lib/jvm/java-1.8.0-openjdk-1.8.0.201.b09-2.el7_6.x86_64/jre/lib/jfr.jar:/usr/lib/jvm/java-1.8.0-openjdk-1.8.0.201.b09-2.el7_6.x86_64/jre/classes"/>
    <property name="sun.management.compiler" value="HotSpot 64-Bit Tiered Compilers"/>
    <property name="java.runtime.version" value="1.8.0_201-b09"/>
    <property name="user.name" value="penguin"/>
    <property name="path.separator" value=":"/>
    <property name="os.version" value="3.10.0-693.5.2.el7.x86_64"/>
    <property name="java.endorsed.dirs" value="/usr/lib/jvm/java-1.8.0-openjdk-1.8.0.201.b09-2.el7_6.x86_64/jre/lib/endorsed"/>
    <property name="java.runtime.name" value="OpenJDK Runtime Environment"/>
    <property name="file.encoding" value="UTF-8"/>
    <property name="java.vm.name" value="OpenJDK 64-Bit Server VM"/>
    <property name="localRepository" value="/home/penguin/.m2/repository"/>
    <property name="java.vendor.url.bug" value="http://bugreport.sun.com/bugreport/"/>
    <property name="java.io.tmpdir" value="/tmp"/>
    <property name="idea.version" value="2018.3.2"/>
    <property name="java.version" value="1.8.0_201"/>
    <property name="user.dir" value="/home/penguin/IdeaProjects/docker-spring-boot"/>
    <property name="os.arch" value="amd64"/>
    <property name="java.vm.specification.name" value="Java Virtual Machine Specification"/>
    <property name="java.awt.printerjob" value="sun.print.PSPrinterJob"/>
    <property name="sun.os.patch.level" value="unknown"/>
    <property name="java.library.path" value="/usr/java/packages/lib/amd64:/usr/lib64:/lib64:/lib:/usr/lib"/>
    <property name="java.vm.info" value="mixed mode"/>
    <property name="java.vendor" value="Oracle Corporation"/>
    <property name="java.vm.version" value="25.201-b09"/>
    <property name="java.ext.dirs" value="/usr/lib/jvm/java-1.8.0-openjdk-1.8.0.201.b09-2.el7_6.x86_64/jre/lib/ext:/usr/java/packages/lib/ext"/>
    <property name="sun.io.unicode.encoding" value="UnicodeLittle"/>
    <property name="java.class.version" value="52.0"/>
  </properties>
  <testcase name="initializationError" classname="com.microservices.dockerspringboot.DockerSpringBootApplicationTests" time="0.01">
    <error message="org/hamcrest/SelfDescribing" type="java.lang.NoClassDefFoundError">java.lang.NoClassDefFoundError: org/hamcrest/SelfDescribing
Caused by: java.lang.ClassNotFoundException: org.hamcrest.SelfDescribing
</error>
  </testcase>
</testsuite>